This file contains any messages produced by compilers while
running configure, to aid debugging if configure makes a mistake.

configure:537: checking for gcc
configure:650: checking whether the C compiler (gcc  ) works
configure:666: gcc -o conftest    conftest.c  1>&5
configure:692: checking whether the C compiler (gcc  ) is a cross-compiler
configure:697: checking whether we are using GNU C
configure:725: checking whether gcc accepts -g
configure:757: checking how to run the C preprocessor
configure:838: checking for POSIXized ISC
configure:860: checking for minix/config.h
configure:912: checking for malloc.h
configure:912: checking for memory.h
configure:912: checking for string.h
configure:912: checking for unistd.h
configure:912: checking for sys/resource.h
configure:912: checking for sys/signal.h
configure:952: checking for sys/time.h
configure:952: checking for timebits.h
configure:989: checking for ANSI C header files
configure:1097: checking for dirent.h that defines DIR
configure:1135: checking for opendir in -ldir
configure:1218: checking whether time.h and sys/time.h may both be included
configure:1285: checking for cos in -lm
configure:1332: checking for shutdown in -lsocket
configure:1379: checking for gethostbyname in -lnsl
configure:1426: checking for vprintf
configure:1533: checking for mallinfo
configure:1533: checking for getrlimit
configure:1533: checking for getrusage
configure:1533: checking for random
configure:1587: checking for pid_t
configure:1620: checking for size_t
configure:1653: checking return type of signal handlers
configure:1694: checking whether struct tm is in sys/time.h or time.h
configure:1728: checking for tm_zone in struct tm
configure:1799: checking for working const
configure:1874: checking for inline
